  Ball.cpp
C:\Users\A0096607\Documents\Projects\PhysicsSimulator\Ball.cpp(33,40): warning C4244: '=': conversion from 'T' to 'T', possible loss of data
C:\Users\A0096607\Documents\Projects\PhysicsSimulator\Ball.cpp(33,40): warning C4244:         with
C:\Users\A0096607\Documents\Projects\PhysicsSimulator\Ball.cpp(33,40): warning C4244:         [
C:\Users\A0096607\Documents\Projects\PhysicsSimulator\Ball.cpp(33,40): warning C4244:             T=int
C:\Users\A0096607\Documents\Projects\PhysicsSimulator\Ball.cpp(33,40): warning C4244:         ]
C:\Users\A0096607\Documents\Projects\PhysicsSimulator\Ball.cpp(33,40): warning C4244:         and
C:\Users\A0096607\Documents\Projects\PhysicsSimulator\Ball.cpp(33,40): warning C4244:         [
C:\Users\A0096607\Documents\Projects\PhysicsSimulator\Ball.cpp(33,40): warning C4244:             T=float
C:\Users\A0096607\Documents\Projects\PhysicsSimulator\Ball.cpp(33,40): warning C4244:         ]
C:\Users\A0096607\Documents\Projects\PhysicsSimulator\Ball.cpp(34,40): warning C4244: '=': conversion from 'T' to 'T', possible loss of data
C:\Users\A0096607\Documents\Projects\PhysicsSimulator\Ball.cpp(34,40): warning C4244:         with
C:\Users\A0096607\Documents\Projects\PhysicsSimulator\Ball.cpp(34,40): warning C4244:         [
C:\Users\A0096607\Documents\Projects\PhysicsSimulator\Ball.cpp(34,40): warning C4244:             T=int
C:\Users\A0096607\Documents\Projects\PhysicsSimulator\Ball.cpp(34,40): warning C4244:         ]
C:\Users\A0096607\Documents\Projects\PhysicsSimulator\Ball.cpp(34,40): warning C4244:         and
C:\Users\A0096607\Documents\Projects\PhysicsSimulator\Ball.cpp(34,40): warning C4244:         [
C:\Users\A0096607\Documents\Projects\PhysicsSimulator\Ball.cpp(34,40): warning C4244:             T=float
C:\Users\A0096607\Documents\Projects\PhysicsSimulator\Ball.cpp(34,40): warning C4244:         ]
C:\Users\A0096607\Documents\Projects\PhysicsSimulator\Ball.cpp(118,40): warning C4244: '=': conversion from 'T' to 'T', possible loss of data
C:\Users\A0096607\Documents\Projects\PhysicsSimulator\Ball.cpp(118,40): warning C4244:         with
C:\Users\A0096607\Documents\Projects\PhysicsSimulator\Ball.cpp(118,40): warning C4244:         [
C:\Users\A0096607\Documents\Projects\PhysicsSimulator\Ball.cpp(118,40): warning C4244:             T=int
C:\Users\A0096607\Documents\Projects\PhysicsSimulator\Ball.cpp(118,40): warning C4244:         ]
C:\Users\A0096607\Documents\Projects\PhysicsSimulator\Ball.cpp(118,40): warning C4244:         and
C:\Users\A0096607\Documents\Projects\PhysicsSimulator\Ball.cpp(118,40): warning C4244:         [
C:\Users\A0096607\Documents\Projects\PhysicsSimulator\Ball.cpp(118,40): warning C4244:             T=float
C:\Users\A0096607\Documents\Projects\PhysicsSimulator\Ball.cpp(118,40): warning C4244:         ]
C:\Users\A0096607\Documents\Projects\PhysicsSimulator\Ball.cpp(119,40): warning C4244: '=': conversion from 'T' to 'T', possible loss of data
C:\Users\A0096607\Documents\Projects\PhysicsSimulator\Ball.cpp(119,40): warning C4244:         with
C:\Users\A0096607\Documents\Projects\PhysicsSimulator\Ball.cpp(119,40): warning C4244:         [
C:\Users\A0096607\Documents\Projects\PhysicsSimulator\Ball.cpp(119,40): warning C4244:             T=int
C:\Users\A0096607\Documents\Projects\PhysicsSimulator\Ball.cpp(119,40): warning C4244:         ]
C:\Users\A0096607\Documents\Projects\PhysicsSimulator\Ball.cpp(119,40): warning C4244:         and
C:\Users\A0096607\Documents\Projects\PhysicsSimulator\Ball.cpp(119,40): warning C4244:         [
C:\Users\A0096607\Documents\Projects\PhysicsSimulator\Ball.cpp(119,40): warning C4244:             T=float
C:\Users\A0096607\Documents\Projects\PhysicsSimulator\Ball.cpp(119,40): warning C4244:         ]
  DebugTools.cpp
  main.cpp
C:\Users\A0096607\Documents\Projects\PhysicsSimulator\main.cpp(29,84): warning C4244: 'argument': conversion from 'int' to 'float', possible loss of data
C:\Users\A0096607\Documents\Projects\PhysicsSimulator\main.cpp(29,68): warning C4244: 'argument': conversion from 'int' to 'float', possible loss of data
  Generating code
  3 of 96 functions ( 3.1%) were compiled, the rest were copied from previous compilation.
    0 functions were new in current compilation
    0 functions had inline decision re-evaluated but remain unchanged
  Finished generating code
  PhysicsSimulator.vcxproj -> C:\Users\A0096607\Documents\Projects\PhysicsSimulator\x64\Release\PhysicsSimulator.exe
