  ObjectDatatypes.h
WorldSpace.obj : error LNK2005: "struct ObjectDatatype::Vector3D __cdecl ObjectDatatype::operator*(struct ObjectDatatype::Vector3D,float const &)" (??DObjectDatatype@@YA?AUVector3D@0@U10@AEBM@Z) already defined in Camera.obj
WorldSpace.obj : error LNK2005: "struct ObjectDatatype::Vector3D __cdecl ObjectDatatype::operator*(struct ObjectDatatype::Vector3D,struct ObjectDatatype::Vector3D const &)" (??DObjectDatatype@@YA?AUVector3D@0@U10@AEBU10@@Z) already defined in Camera.obj
WorldSpace.obj : error LNK2005: "struct ObjectDatatype::Vector3D __cdecl ObjectDatatype::operator-(struct ObjectDatatype::Vector3D,float const &)" (??GObjectDatatype@@YA?AUVector3D@0@U10@AEBM@Z) already defined in Camera.obj
WorldSpace.obj : error LNK2005: "struct ObjectDatatype::Vector3D __cdecl ObjectDatatype::operator-(struct ObjectDatatype::Vector3D,struct ObjectDatatype::Vector3D const &)" (??GObjectDatatype@@YA?AUVector3D@0@U10@AEBU10@@Z) already defined in Camera.obj
WorldSpace.obj : error LNK2005: "struct ObjectDatatype::Vector3D __cdecl ObjectDatatype::operator+(struct ObjectDatatype::Vector3D,float const &)" (??HObjectDatatype@@YA?AUVector3D@0@U10@AEBM@Z) already defined in Camera.obj
WorldSpace.obj : error LNK2005: "struct ObjectDatatype::Vector3D __cdecl ObjectDatatype::operator+(struct ObjectDatatype::Vector3D,struct ObjectDatatype::Vector3D const &)" (??HObjectDatatype@@YA?AUVector3D@0@U10@AEBU10@@Z) already defined in Camera.obj
WorldSpace.obj : error LNK2005: "struct ObjectDatatype::Vector3D __cdecl ObjectDatatype::operator/(struct ObjectDatatype::Vector3D,float const &)" (??KObjectDatatype@@YA?AUVector3D@0@U10@AEBM@Z) already defined in Camera.obj
WorldSpace.obj : error LNK2005: "struct ObjectDatatype::Vector3D __cdecl ObjectDatatype::operator/(struct ObjectDatatype::Vector3D,struct ObjectDatatype::Vector3D const &)" (??KObjectDatatype@@YA?AUVector3D@0@U10@AEBU10@@Z) already defined in Camera.obj
main.obj : error LNK2005: "struct ObjectDatatype::Vector3D __cdecl ObjectDatatype::operator*(struct ObjectDatatype::Vector3D,float const &)" (??DObjectDatatype@@YA?AUVector3D@0@U10@AEBM@Z) already defined in Camera.obj
main.obj : error LNK2005: "struct ObjectDatatype::Vector3D __cdecl ObjectDatatype::operator*(struct ObjectDatatype::Vector3D,struct ObjectDatatype::Vector3D const &)" (??DObjectDatatype@@YA?AUVector3D@0@U10@AEBU10@@Z) already defined in Camera.obj
main.obj : error LNK2005: "struct ObjectDatatype::Vector3D __cdecl ObjectDatatype::operator-(struct ObjectDatatype::Vector3D,float const &)" (??GObjectDatatype@@YA?AUVector3D@0@U10@AEBM@Z) already defined in Camera.obj
main.obj : error LNK2005: "struct ObjectDatatype::Vector3D __cdecl ObjectDatatype::operator-(struct ObjectDatatype::Vector3D,struct ObjectDatatype::Vector3D const &)" (??GObjectDatatype@@YA?AUVector3D@0@U10@AEBU10@@Z) already defined in Camera.obj
main.obj : error LNK2005: "struct ObjectDatatype::Vector3D __cdecl ObjectDatatype::operator+(struct ObjectDatatype::Vector3D,float const &)" (??HObjectDatatype@@YA?AUVector3D@0@U10@AEBM@Z) already defined in Camera.obj
main.obj : error LNK2005: "struct ObjectDatatype::Vector3D __cdecl ObjectDatatype::operator+(struct ObjectDatatype::Vector3D,struct ObjectDatatype::Vector3D const &)" (??HObjectDatatype@@YA?AUVector3D@0@U10@AEBU10@@Z) already defined in Camera.obj
main.obj : error LNK2005: "struct ObjectDatatype::Vector3D __cdecl ObjectDatatype::operator/(struct ObjectDatatype::Vector3D,float const &)" (??KObjectDatatype@@YA?AUVector3D@0@U10@AEBM@Z) already defined in Camera.obj
main.obj : error LNK2005: "struct ObjectDatatype::Vector3D __cdecl ObjectDatatype::operator/(struct ObjectDatatype::Vector3D,struct ObjectDatatype::Vector3D const &)" (??KObjectDatatype@@YA?AUVector3D@0@U10@AEBU10@@Z) already defined in Camera.obj
WorldSpaceDatatypes.obj : error LNK2005: "struct ObjectDatatype::Vector3D __cdecl ObjectDatatype::operator*(struct ObjectDatatype::Vector3D,float const &)" (??DObjectDatatype@@YA?AUVector3D@0@U10@AEBM@Z) already defined in Camera.obj
WorldSpaceDatatypes.obj : error LNK2005: "struct ObjectDatatype::Vector3D __cdecl ObjectDatatype::operator*(struct ObjectDatatype::Vector3D,struct ObjectDatatype::Vector3D const &)" (??DObjectDatatype@@YA?AUVector3D@0@U10@AEBU10@@Z) already defined in Camera.obj
WorldSpaceDatatypes.obj : error LNK2005: "struct ObjectDatatype::Vector3D __cdecl ObjectDatatype::operator-(struct ObjectDatatype::Vector3D,float const &)" (??GObjectDatatype@@YA?AUVector3D@0@U10@AEBM@Z) already defined in Camera.obj
WorldSpaceDatatypes.obj : error LNK2005: "struct ObjectDatatype::Vector3D __cdecl ObjectDatatype::operator-(struct ObjectDatatype::Vector3D,struct ObjectDatatype::Vector3D const &)" (??GObjectDatatype@@YA?AUVector3D@0@U10@AEBU10@@Z) already defined in Camera.obj
WorldSpaceDatatypes.obj : error LNK2005: "struct ObjectDatatype::Vector3D __cdecl ObjectDatatype::operator+(struct ObjectDatatype::Vector3D,float const &)" (??HObjectDatatype@@YA?AUVector3D@0@U10@AEBM@Z) already defined in Camera.obj
WorldSpaceDatatypes.obj : error LNK2005: "struct ObjectDatatype::Vector3D __cdecl ObjectDatatype::operator+(struct ObjectDatatype::Vector3D,struct ObjectDatatype::Vector3D const &)" (??HObjectDatatype@@YA?AUVector3D@0@U10@AEBU10@@Z) already defined in Camera.obj
WorldSpaceDatatypes.obj : error LNK2005: "struct ObjectDatatype::Vector3D __cdecl ObjectDatatype::operator/(struct ObjectDatatype::Vector3D,float const &)" (??KObjectDatatype@@YA?AUVector3D@0@U10@AEBM@Z) already defined in Camera.obj
WorldSpaceDatatypes.obj : error LNK2005: "struct ObjectDatatype::Vector3D __cdecl ObjectDatatype::operator/(struct ObjectDatatype::Vector3D,struct ObjectDatatype::Vector3D const &)" (??KObjectDatatype@@YA?AUVector3D@0@U10@AEBU10@@Z) already defined in Camera.obj
ObjectDatatypes.obj : error LNK2005: "struct ObjectDatatype::Vector3D __cdecl ObjectDatatype::operator*(struct ObjectDatatype::Vector3D,float const &)" (??DObjectDatatype@@YA?AUVector3D@0@U10@AEBM@Z) already defined in Camera.obj
ObjectDatatypes.obj : error LNK2005: "struct ObjectDatatype::Vector3D __cdecl ObjectDatatype::operator*(struct ObjectDatatype::Vector3D,struct ObjectDatatype::Vector3D const &)" (??DObjectDatatype@@YA?AUVector3D@0@U10@AEBU10@@Z) already defined in Camera.obj
ObjectDatatypes.obj : error LNK2005: "struct ObjectDatatype::Vector3D __cdecl ObjectDatatype::operator-(struct ObjectDatatype::Vector3D,float const &)" (??GObjectDatatype@@YA?AUVector3D@0@U10@AEBM@Z) already defined in Camera.obj
ObjectDatatypes.obj : error LNK2005: "struct ObjectDatatype::Vector3D __cdecl ObjectDatatype::operator-(struct ObjectDatatype::Vector3D,struct ObjectDatatype::Vector3D const &)" (??GObjectDatatype@@YA?AUVector3D@0@U10@AEBU10@@Z) already defined in Camera.obj
ObjectDatatypes.obj : error LNK2005: "struct ObjectDatatype::Vector3D __cdecl ObjectDatatype::operator+(struct ObjectDatatype::Vector3D,float const &)" (??HObjectDatatype@@YA?AUVector3D@0@U10@AEBM@Z) already defined in Camera.obj
ObjectDatatypes.obj : error LNK2005: "struct ObjectDatatype::Vector3D __cdecl ObjectDatatype::operator+(struct ObjectDatatype::Vector3D,struct ObjectDatatype::Vector3D const &)" (??HObjectDatatype@@YA?AUVector3D@0@U10@AEBU10@@Z) already defined in Camera.obj
ObjectDatatypes.obj : error LNK2005: "struct ObjectDatatype::Vector3D __cdecl ObjectDatatype::operator/(struct ObjectDatatype::Vector3D,float const &)" (??KObjectDatatype@@YA?AUVector3D@0@U10@AEBM@Z) already defined in Camera.obj
ObjectDatatypes.obj : error LNK2005: "struct ObjectDatatype::Vector3D __cdecl ObjectDatatype::operator/(struct ObjectDatatype::Vector3D,struct ObjectDatatype::Vector3D const &)" (??KObjectDatatype@@YA?AUVector3D@0@U10@AEBU10@@Z) already defined in Camera.obj
WorldSpaceParticle.obj : error LNK2005: "struct ObjectDatatype::Vector3D __cdecl ObjectDatatype::operator*(struct ObjectDatatype::Vector3D,float const &)" (??DObjectDatatype@@YA?AUVector3D@0@U10@AEBM@Z) already defined in Camera.obj
WorldSpaceParticle.obj : error LNK2005: "struct ObjectDatatype::Vector3D __cdecl ObjectDatatype::operator*(struct ObjectDatatype::Vector3D,struct ObjectDatatype::Vector3D const &)" (??DObjectDatatype@@YA?AUVector3D@0@U10@AEBU10@@Z) already defined in Camera.obj
WorldSpaceParticle.obj : error LNK2005: "struct ObjectDatatype::Vector3D __cdecl ObjectDatatype::operator-(struct ObjectDatatype::Vector3D,float const &)" (??GObjectDatatype@@YA?AUVector3D@0@U10@AEBM@Z) already defined in Camera.obj
WorldSpaceParticle.obj : error LNK2005: "struct ObjectDatatype::Vector3D __cdecl ObjectDatatype::operator-(struct ObjectDatatype::Vector3D,struct ObjectDatatype::Vector3D const &)" (??GObjectDatatype@@YA?AUVector3D@0@U10@AEBU10@@Z) already defined in Camera.obj
WorldSpaceParticle.obj : error LNK2005: "struct ObjectDatatype::Vector3D __cdecl ObjectDatatype::operator+(struct ObjectDatatype::Vector3D,float const &)" (??HObjectDatatype@@YA?AUVector3D@0@U10@AEBM@Z) already defined in Camera.obj
WorldSpaceParticle.obj : error LNK2005: "struct ObjectDatatype::Vector3D __cdecl ObjectDatatype::operator+(struct ObjectDatatype::Vector3D,struct ObjectDatatype::Vector3D const &)" (??HObjectDatatype@@YA?AUVector3D@0@U10@AEBU10@@Z) already defined in Camera.obj
WorldSpaceParticle.obj : error LNK2005: "struct ObjectDatatype::Vector3D __cdecl ObjectDatatype::operator/(struct ObjectDatatype::Vector3D,float const &)" (??KObjectDatatype@@YA?AUVector3D@0@U10@AEBM@Z) already defined in Camera.obj
WorldSpaceParticle.obj : error LNK2005: "struct ObjectDatatype::Vector3D __cdecl ObjectDatatype::operator/(struct ObjectDatatype::Vector3D,struct ObjectDatatype::Vector3D const &)" (??KObjectDatatype@@YA?AUVector3D@0@U10@AEBU10@@Z) already defined in Camera.obj
C:\Users\A0096607\Documents\Projects\PhysicsSimulator\x64\Debug\PhysicsSimulator.exe : fatal error LNK1169: one or more multiply defined symbols found
