c:\users\a0096607\documents\projects\physicssimulator\physicssimulator\x64\debug\vc143.pdb
c:\users\a0096607\documents\projects\physicssimulator\physicssimulator\x64\debug\vc143.idb
c:\users\a0096607\documents\projects\physicssimulator\physicssimulator\x64\debug\particle.obj
c:\users\a0096607\documents\projects\physicssimulator\physicssimulator\x64\debug\graphicsengine.obj
c:\users\a0096607\documents\projects\physicssimulator\physicssimulator\x64\debug\physicsengine.obj
c:\users\a0096607\documents\projects\physicssimulator\physicssimulator\x64\debug\quadplane.obj
c:\users\a0096607\documents\projects\physicssimulator\physicssimulator\x64\debug\commondatatypes.obj
c:\users\a0096607\documents\projects\physicssimulator\physicssimulator\x64\debug\main.obj
c:\users\a0096607\documents\projects\physicssimulator\physicssimulator\x64\debug\graphicdatatypes.obj
c:\users\a0096607\documents\projects\physicssimulator\physicssimulator\x64\debug\physicssimulator.ilk
c:\users\a0096607\documents\projects\physicssimulator\physicssimulator\x64\debug\objectdatatypes.obj
c:\users\a0096607\documents\projects\physicssimulator\physicssimulator\x64\debug\operators.obj
c:\users\a0096607\documents\projects\physicssimulator\x64\debug\physicssimulator.pdb
c:\users\a0096607\documents\projects\physicssimulator\physicssimulator\x64\debug\physicssimulator.tlog\cl.command.1.tlog
c:\users\a0096607\documents\projects\physicssimulator\physicssimulator\x64\debug\physicssimulator.tlog\cl.items.tlog
c:\users\a0096607\documents\projects\physicssimulator\physicssimulator\x64\debug\physicssimulator.tlog\cl.read.1.tlog
c:\users\a0096607\documents\projects\physicssimulator\physicssimulator\x64\debug\physicssimulator.tlog\cl.write.1.tlog
c:\users\a0096607\documents\projects\physicssimulator\physicssimulator\x64\debug\physicssimulator.tlog\link.13640-cvtres.read.1.tlog
c:\users\a0096607\documents\projects\physicssimulator\physicssimulator\x64\debug\physicssimulator.tlog\link.13640-cvtres.write.1.tlog
c:\users\a0096607\documents\projects\physicssimulator\physicssimulator\x64\debug\physicssimulator.tlog\link.13640-rc.read.1.tlog
c:\users\a0096607\documents\projects\physicssimulator\physicssimulator\x64\debug\physicssimulator.tlog\link.13640-rc.write.1.tlog
c:\users\a0096607\documents\projects\physicssimulator\physicssimulator\x64\debug\physicssimulator.tlog\link.13640.read.1.tlog
c:\users\a0096607\documents\projects\physicssimulator\physicssimulator\x64\debug\physicssimulator.tlog\link.13640.read.2.tlog
c:\users\a0096607\documents\projects\physicssimulator\physicssimulator\x64\debug\physicssimulator.tlog\link.13640.read.3.tlog
c:\users\a0096607\documents\projects\physicssimulator\physicssimulator\x64\debug\physicssimulator.tlog\link.13640.read.4.tlog
c:\users\a0096607\documents\projects\physicssimulator\physicssimulator\x64\debug\physicssimulator.tlog\link.13640.write.1.tlog
c:\users\a0096607\documents\projects\physicssimulator\physicssimulator\x64\debug\physicssimulator.tlog\link.command.1.tlog
c:\users\a0096607\documents\projects\physicssimulator\physicssimulator\x64\debug\physicssimulator.tlog\link.read.1.tlog
c:\users\a0096607\documents\projects\physicssimulator\physicssimulator\x64\debug\physicssimulator.tlog\link.secondary.1.tlog
c:\users\a0096607\documents\projects\physicssimulator\physicssimulator\x64\debug\physicssimulator.tlog\link.write.1.tlog
